2023-06-22 19:15:21,478 ERROR [xxl-job, JobThread-5-1687432521471][XxlJobFileAppender.java:101] - No such file or directory
java.io.IOException: No such file or directory
	at java.io.UnixFileSystem.createFileExclusively(Native Method)
	at java.io.File.createNewFile(File.java:1012)
	at com.xxl.job.core.log.XxlJobFileAppender.appendLog(XxlJobFileAppender.java:99)
	at com.xxl.job.core.context.XxlJobHelper.logDetail(XxlJobHelper.java:164)
	at com.xxl.job.core.context.XxlJobHelper.log(XxlJobHelper.java:118)
	at com.xxl.job.core.thread.JobThread.run(JobThread.java:133)
2023-06-22 19:15:29,635 ERROR [xxl-job, JobThread-5-1687432521471][XxlJobFileAppender.java:101] - No such file or directory
java.io.IOException: No such file or directory
	at java.io.UnixFileSystem.createFileExclusively(Native Method)
	at java.io.File.createNewFile(File.java:1012)
	at com.xxl.job.core.log.XxlJobFileAppender.appendLog(XxlJobFileAppender.java:99)
	at com.xxl.job.core.context.XxlJobHelper.logDetail(XxlJobHelper.java:164)
	at com.xxl.job.core.context.XxlJobHelper.log(XxlJobHelper.java:118)
	at com.xuecheng.media.service.jobhandler.SampleXxlJob.demoJobHandler(SampleXxlJob.java:38)
	at sun.reflect.NativeMethodAccessorImpl.invoke0(Native Method)
	at sun.reflect.NativeMethodAccessorImpl.invoke(NativeMethodAccessorImpl.java:62)
	at sun.reflect.DelegatingMethodAccessorImpl.invoke(DelegatingMethodAccessorImpl.java:43)
	at java.lang.reflect.Method.invoke(Method.java:498)
	at com.xxl.job.core.handler.impl.MethodJobHandler.execute(MethodJobHandler.java:31)
	at com.xxl.job.core.thread.JobThread.run(JobThread.java:166)
2023-06-22 19:15:29,717 ERROR [xxl-job, JobThread-5-1687432521471][XxlJobFileAppender.java:101] - No such file or directory
java.io.IOException: No such file or directory
	at java.io.UnixFileSystem.createFileExclusively(Native Method)
	at java.io.File.createNewFile(File.java:1012)
	at com.xxl.job.core.log.XxlJobFileAppender.appendLog(XxlJobFileAppender.java:99)
	at com.xxl.job.core.context.XxlJobHelper.logDetail(XxlJobHelper.java:164)
	at com.xxl.job.core.context.XxlJobHelper.log(XxlJobHelper.java:118)
	at com.xuecheng.media.service.jobhandler.SampleXxlJob.demoJobHandler(SampleXxlJob.java:41)
	at sun.reflect.NativeMethodAccessorImpl.invoke0(Native Method)
	at sun.reflect.NativeMethodAccessorImpl.invoke(NativeMethodAccessorImpl.java:62)
	at sun.reflect.DelegatingMethodAccessorImpl.invoke(DelegatingMethodAccessorImpl.java:43)
	at java.lang.reflect.Method.invoke(Method.java:498)
	at com.xxl.job.core.handler.impl.MethodJobHandler.execute(MethodJobHandler.java:31)
	at com.xxl.job.core.thread.JobThread.run(JobThread.java:166)
2023-06-22 19:15:31,729 ERROR [xxl-job, JobThread-5-1687432521471][XxlJobFileAppender.java:101] - No such file or directory
java.io.IOException: No such file or directory
	at java.io.UnixFileSystem.createFileExclusively(Native Method)
	at java.io.File.createNewFile(File.java:1012)
	at com.xxl.job.core.log.XxlJobFileAppender.appendLog(XxlJobFileAppender.java:99)
	at com.xxl.job.core.context.XxlJobHelper.logDetail(XxlJobHelper.java:164)
	at com.xxl.job.core.context.XxlJobHelper.log(XxlJobHelper.java:118)
	at com.xuecheng.media.service.jobhandler.SampleXxlJob.demoJobHandler(SampleXxlJob.java:41)
	at sun.reflect.NativeMethodAccessorImpl.invoke0(Native Method)
	at sun.reflect.NativeMethodAccessorImpl.invoke(NativeMethodAccessorImpl.java:62)
	at sun.reflect.DelegatingMethodAccessorImpl.invoke(DelegatingMethodAccessorImpl.java:43)
	at java.lang.reflect.Method.invoke(Method.java:498)
	at com.xxl.job.core.handler.impl.MethodJobHandler.execute(MethodJobHandler.java:31)
	at com.xxl.job.core.thread.JobThread.run(JobThread.java:166)
2023-06-22 19:15:33,740 ERROR [xxl-job, JobThread-5-1687432521471][XxlJobFileAppender.java:101] - No such file or directory
java.io.IOException: No such file or directory
	at java.io.UnixFileSystem.createFileExclusively(Native Method)
	at java.io.File.createNewFile(File.java:1012)
	at com.xxl.job.core.log.XxlJobFileAppender.appendLog(XxlJobFileAppender.java:99)
	at com.xxl.job.core.context.XxlJobHelper.logDetail(XxlJobHelper.java:164)
	at com.xxl.job.core.context.XxlJobHelper.log(XxlJobHelper.java:118)
	at com.xuecheng.media.service.jobhandler.SampleXxlJob.demoJobHandler(SampleXxlJob.java:41)
	at sun.reflect.NativeMethodAccessorImpl.invoke0(Native Method)
	at sun.reflect.NativeMethodAccessorImpl.invoke(NativeMethodAccessorImpl.java:62)
	at sun.reflect.DelegatingMethodAccessorImpl.invoke(DelegatingMethodAccessorImpl.java:43)
	at java.lang.reflect.Method.invoke(Method.java:498)
	at com.xxl.job.core.handler.impl.MethodJobHandler.execute(MethodJobHandler.java:31)
	at com.xxl.job.core.thread.JobThread.run(JobThread.java:166)
2023-06-22 19:15:35,747 ERROR [xxl-job, JobThread-5-1687432521471][XxlJobFileAppender.java:101] - No such file or directory
java.io.IOException: No such file or directory
	at java.io.UnixFileSystem.createFileExclusively(Native Method)
	at java.io.File.createNewFile(File.java:1012)
	at com.xxl.job.core.log.XxlJobFileAppender.appendLog(XxlJobFileAppender.java:99)
	at com.xxl.job.core.context.XxlJobHelper.logDetail(XxlJobHelper.java:164)
	at com.xxl.job.core.context.XxlJobHelper.log(XxlJobHelper.java:118)
	at com.xuecheng.media.service.jobhandler.SampleXxlJob.demoJobHandler(SampleXxlJob.java:41)
	at sun.reflect.NativeMethodAccessorImpl.invoke0(Native Method)
	at sun.reflect.NativeMethodAccessorImpl.invoke(NativeMethodAccessorImpl.java:62)
	at sun.reflect.DelegatingMethodAccessorImpl.invoke(DelegatingMethodAccessorImpl.java:43)
	at java.lang.reflect.Method.invoke(Method.java:498)
	at com.xxl.job.core.handler.impl.MethodJobHandler.execute(MethodJobHandler.java:31)
	at com.xxl.job.core.thread.JobThread.run(JobThread.java:166)
2023-06-22 19:15:37,762 ERROR [xxl-job, JobThread-5-1687432521471][XxlJobFileAppender.java:101] - No such file or directory
java.io.IOException: No such file or directory
	at java.io.UnixFileSystem.createFileExclusively(Native Method)
	at java.io.File.createNewFile(File.java:1012)
	at com.xxl.job.core.log.XxlJobFileAppender.appendLog(XxlJobFileAppender.java:99)
	at com.xxl.job.core.context.XxlJobHelper.logDetail(XxlJobHelper.java:164)
	at com.xxl.job.core.context.XxlJobHelper.log(XxlJobHelper.java:118)
	at com.xuecheng.media.service.jobhandler.SampleXxlJob.demoJobHandler(SampleXxlJob.java:41)
	at sun.reflect.NativeMethodAccessorImpl.invoke0(Native Method)
	at sun.reflect.NativeMethodAccessorImpl.invoke(NativeMethodAccessorImpl.java:62)
	at sun.reflect.DelegatingMethodAccessorImpl.invoke(DelegatingMethodAccessorImpl.java:43)
	at java.lang.reflect.Method.invoke(Method.java:498)
	at com.xxl.job.core.handler.impl.MethodJobHandler.execute(MethodJobHandler.java:31)
	at com.xxl.job.core.thread.JobThread.run(JobThread.java:166)
2023-06-22 19:15:39,772 ERROR [xxl-job, JobThread-5-1687432521471][XxlJobFileAppender.java:101] - No such file or directory
java.io.IOException: No such file or directory
	at java.io.UnixFileSystem.createFileExclusively(Native Method)
	at java.io.File.createNewFile(File.java:1012)
	at com.xxl.job.core.log.XxlJobFileAppender.appendLog(XxlJobFileAppender.java:99)
	at com.xxl.job.core.context.XxlJobHelper.logDetail(XxlJobHelper.java:164)
	at com.xxl.job.core.context.XxlJobHelper.log(XxlJobHelper.java:118)
	at com.xxl.job.core.thread.JobThread.run(JobThread.java:179)
2023-06-22 19:15:39,788 ERROR [xxl-job, JobThread-5-1687432521471][XxlJobFileAppender.java:101] - No such file or directory
java.io.IOException: No such file or directory
	at java.io.UnixFileSystem.createFileExclusively(Native Method)
	at java.io.File.createNewFile(File.java:1012)
	at com.xxl.job.core.log.XxlJobFileAppender.appendLog(XxlJobFileAppender.java:99)
	at com.xxl.job.core.context.XxlJobHelper.logDetail(XxlJobHelper.java:164)
	at com.xxl.job.core.context.XxlJobHelper.log(XxlJobHelper.java:118)
	at com.xxl.job.core.thread.JobThread.run(JobThread.java:133)
2023-06-22 19:16:04,959 ERROR [xxl-job, JobThread-5-1687432521471][XxlJobFileAppender.java:101] - No such file or directory
java.io.IOException: No such file or directory
	at java.io.UnixFileSystem.createFileExclusively(Native Method)
	at java.io.File.createNewFile(File.java:1012)
	at com.xxl.job.core.log.XxlJobFileAppender.appendLog(XxlJobFileAppender.java:99)
	at com.xxl.job.core.context.XxlJobHelper.logDetail(XxlJobHelper.java:164)
	at com.xxl.job.core.context.XxlJobHelper.log(XxlJobHelper.java:118)
	at com.xuecheng.media.service.jobhandler.SampleXxlJob.demoJobHandler(SampleXxlJob.java:38)
	at sun.reflect.NativeMethodAccessorImpl.invoke0(Native Method)
	at sun.reflect.NativeMethodAccessorImpl.invoke(NativeMethodAccessorImpl.java:62)
	at sun.reflect.DelegatingMethodAccessorImpl.invoke(DelegatingMethodAccessorImpl.java:43)
	at java.lang.reflect.Method.invoke(Method.java:498)
	at com.xxl.job.core.handler.impl.MethodJobHandler.execute(MethodJobHandler.java:31)
	at com.xxl.job.core.thread.JobThread.run(JobThread.java:166)
2023-06-22 19:16:21,423 ERROR [xxl-job, JobThread-5-1687432581416][XxlJobFileAppender.java:101] - No such file or directory
java.io.IOException: No such file or directory
	at java.io.UnixFileSystem.createFileExclusively(Native Method)
	at java.io.File.createNewFile(File.java:1012)
	at com.xxl.job.core.log.XxlJobFileAppender.appendLog(XxlJobFileAppender.java:99)
	at com.xxl.job.core.context.XxlJobHelper.logDetail(XxlJobHelper.java:164)
	at com.xxl.job.core.context.XxlJobHelper.log(XxlJobHelper.java:118)
	at com.xxl.job.core.thread.JobThread.run(JobThread.java:133)
2023-06-22 19:16:21,437 ERROR [xxl-job, JobThread-5-1687432581416][XxlJobFileAppender.java:101] - No such file or directory
java.io.IOException: No such file or directory
	at java.io.UnixFileSystem.createFileExclusively(Native Method)
	at java.io.File.createNewFile(File.java:1012)
	at com.xxl.job.core.log.XxlJobFileAppender.appendLog(XxlJobFileAppender.java:99)
	at com.xxl.job.core.context.XxlJobHelper.logDetail(XxlJobHelper.java:164)
	at com.xxl.job.core.context.XxlJobHelper.log(XxlJobHelper.java:118)
	at com.xuecheng.media.service.jobhandler.SampleXxlJob.demoJobHandler(SampleXxlJob.java:37)
	at sun.reflect.NativeMethodAccessorImpl.invoke0(Native Method)
	at sun.reflect.NativeMethodAccessorImpl.invoke(NativeMethodAccessorImpl.java:62)
	at sun.reflect.DelegatingMethodAccessorImpl.invoke(DelegatingMethodAccessorImpl.java:43)
	at java.lang.reflect.Method.invoke(Method.java:498)
	at com.xxl.job.core.handler.impl.MethodJobHandler.execute(MethodJobHandler.java:31)
	at com.xxl.job.core.thread.JobThread.run(JobThread.java:166)
2023-06-22 19:16:21,440 ERROR [xxl-job, JobThread-5-1687432581416][XxlJobFileAppender.java:101] - No such file or directory
java.io.IOException: No such file or directory
	at java.io.UnixFileSystem.createFileExclusively(Native Method)
	at java.io.File.createNewFile(File.java:1012)
	at com.xxl.job.core.log.XxlJobFileAppender.appendLog(XxlJobFileAppender.java:99)
	at com.xxl.job.core.context.XxlJobHelper.logDetail(XxlJobHelper.java:164)
	at com.xxl.job.core.context.XxlJobHelper.log(XxlJobHelper.java:118)
	at com.xxl.job.core.thread.JobThread.run(JobThread.java:179)
2023-06-22 19:16:21,493 ERROR [xxl-job, executor TriggerCallbackThread][XxlJobFileAppender.java:101] - No such file or directory
java.io.IOException: No such file or directory
	at java.io.UnixFileSystem.createFileExclusively(Native Method)
	at java.io.File.createNewFile(File.java:1012)
	at com.xxl.job.core.log.XxlJobFileAppender.appendLog(XxlJobFileAppender.java:99)
	at com.xxl.job.core.context.XxlJobHelper.logDetail(XxlJobHelper.java:164)
	at com.xxl.job.core.context.XxlJobHelper.log(XxlJobHelper.java:118)
	at com.xxl.job.core.thread.TriggerCallbackThread.callbackLog(TriggerCallbackThread.java:197)
	at com.xxl.job.core.thread.TriggerCallbackThread.doCallback(TriggerCallbackThread.java:170)
	at com.xxl.job.core.thread.TriggerCallbackThread.access$200(TriggerCallbackThread.java:26)
	at com.xxl.job.core.thread.TriggerCallbackThread$1.run(TriggerCallbackThread.java:76)
	at java.lang.Thread.run(Thread.java:748)
2023-06-22 19:16:24,343 ERROR [xxl-job, JobThread-5-1687432581416][XxlJobFileAppender.java:101] - No such file or directory
java.io.IOException: No such file or directory
	at java.io.UnixFileSystem.createFileExclusively(Native Method)
	at java.io.File.createNewFile(File.java:1012)
	at com.xxl.job.core.log.XxlJobFileAppender.appendLog(XxlJobFileAppender.java:99)
	at com.xxl.job.core.context.XxlJobHelper.logDetail(XxlJobHelper.java:164)
	at com.xxl.job.core.context.XxlJobHelper.log(XxlJobHelper.java:118)
	at com.xxl.job.core.thread.JobThread.run(JobThread.java:133)
2023-06-22 19:16:24,347 ERROR [xxl-job, JobThread-5-1687432581416][XxlJobFileAppender.java:101] - No such file or directory
java.io.IOException: No such file or directory
	at java.io.UnixFileSystem.createFileExclusively(Native Method)
	at java.io.File.createNewFile(File.java:1012)
	at com.xxl.job.core.log.XxlJobFileAppender.appendLog(XxlJobFileAppender.java:99)
	at com.xxl.job.core.context.XxlJobHelper.logDetail(XxlJobHelper.java:164)
	at com.xxl.job.core.context.XxlJobHelper.log(XxlJobHelper.java:118)
	at com.xuecheng.media.service.jobhandler.SampleXxlJob.demoJobHandler(SampleXxlJob.java:37)
	at sun.reflect.NativeMethodAccessorImpl.invoke0(Native Method)
	at sun.reflect.NativeMethodAccessorImpl.invoke(NativeMethodAccessorImpl.java:62)
	at sun.reflect.DelegatingMethodAccessorImpl.invoke(DelegatingMethodAccessorImpl.java:43)
	at java.lang.reflect.Method.invoke(Method.java:498)
	at com.xxl.job.core.handler.impl.MethodJobHandler.execute(MethodJobHandler.java:31)
	at com.xxl.job.core.thread.JobThread.run(JobThread.java:166)
2023-06-22 19:16:24,353 ERROR [xxl-job, JobThread-5-1687432581416][XxlJobFileAppender.java:101] - No such file or directory
java.io.IOException: No such file or directory
	at java.io.UnixFileSystem.createFileExclusively(Native Method)
	at java.io.File.createNewFile(File.java:1012)
	at com.xxl.job.core.log.XxlJobFileAppender.appendLog(XxlJobFileAppender.java:99)
	at com.xxl.job.core.context.XxlJobHelper.logDetail(XxlJobHelper.java:164)
	at com.xxl.job.core.context.XxlJobHelper.log(XxlJobHelper.java:118)
	at com.xxl.job.core.thread.JobThread.run(JobThread.java:179)
2023-06-22 19:16:24,383 ERROR [xxl-job, executor TriggerCallbackThread][XxlJobFileAppender.java:101] - No such file or directory
java.io.IOException: No such file or directory
	at java.io.UnixFileSystem.createFileExclusively(Native Method)
	at java.io.File.createNewFile(File.java:1012)
	at com.xxl.job.core.log.XxlJobFileAppender.appendLog(XxlJobFileAppender.java:99)
	at com.xxl.job.core.context.XxlJobHelper.logDetail(XxlJobHelper.java:164)
	at com.xxl.job.core.context.XxlJobHelper.log(XxlJobHelper.java:118)
	at com.xxl.job.core.thread.TriggerCallbackThread.callbackLog(TriggerCallbackThread.java:197)
	at com.xxl.job.core.thread.TriggerCallbackThread.doCallback(TriggerCallbackThread.java:170)
	at com.xxl.job.core.thread.TriggerCallbackThread.access$200(TriggerCallbackThread.java:26)
	at com.xxl.job.core.thread.TriggerCallbackThread$1.run(TriggerCallbackThread.java:76)
	at java.lang.Thread.run(Thread.java:748)
2023-06-22 19:16:27,179 ERROR [xxl-job, JobThread-5-1687432581416][XxlJobFileAppender.java:101] - No such file or directory
java.io.IOException: No such file or directory
	at java.io.UnixFileSystem.createFileExclusively(Native Method)
	at java.io.File.createNewFile(File.java:1012)
	at com.xxl.job.core.log.XxlJobFileAppender.appendLog(XxlJobFileAppender.java:99)
	at com.xxl.job.core.context.XxlJobHelper.logDetail(XxlJobHelper.java:164)
	at com.xxl.job.core.context.XxlJobHelper.log(XxlJobHelper.java:118)
	at com.xxl.job.core.thread.JobThread.run(JobThread.java:133)
2023-06-22 19:16:27,187 ERROR [xxl-job, JobThread-5-1687432581416][XxlJobFileAppender.java:101] - No such file or directory
java.io.IOException: No such file or directory
	at java.io.UnixFileSystem.createFileExclusively(Native Method)
	at java.io.File.createNewFile(File.java:1012)
	at com.xxl.job.core.log.XxlJobFileAppender.appendLog(XxlJobFileAppender.java:99)
	at com.xxl.job.core.context.XxlJobHelper.logDetail(XxlJobHelper.java:164)
	at com.xxl.job.core.context.XxlJobHelper.log(XxlJobHelper.java:118)
	at com.xuecheng.media.service.jobhandler.SampleXxlJob.demoJobHandler(SampleXxlJob.java:37)
	at sun.reflect.NativeMethodAccessorImpl.invoke0(Native Method)
	at sun.reflect.NativeMethodAccessorImpl.invoke(NativeMethodAccessorImpl.java:62)
	at sun.reflect.DelegatingMethodAccessorImpl.invoke(DelegatingMethodAccessorImpl.java:43)
	at java.lang.reflect.Method.invoke(Method.java:498)
	at com.xxl.job.core.handler.impl.MethodJobHandler.execute(MethodJobHandler.java:31)
	at com.xxl.job.core.thread.JobThread.run(JobThread.java:166)
2023-06-22 19:16:27,188 ERROR [xxl-job, JobThread-5-1687432581416][XxlJobFileAppender.java:101] - No such file or directory
java.io.IOException: No such file or directory
	at java.io.UnixFileSystem.createFileExclusively(Native Method)
	at java.io.File.createNewFile(File.java:1012)
	at com.xxl.job.core.log.XxlJobFileAppender.appendLog(XxlJobFileAppender.java:99)
	at com.xxl.job.core.context.XxlJobHelper.logDetail(XxlJobHelper.java:164)
	at com.xxl.job.core.context.XxlJobHelper.log(XxlJobHelper.java:118)
	at com.xxl.job.core.thread.JobThread.run(JobThread.java:179)
2023-06-22 19:16:27,199 ERROR [xxl-job, executor TriggerCallbackThread][XxlJobFileAppender.java:101] - No such file or directory
java.io.IOException: No such file or directory
	at java.io.UnixFileSystem.createFileExclusively(Native Method)
	at java.io.File.createNewFile(File.java:1012)
	at com.xxl.job.core.log.XxlJobFileAppender.appendLog(XxlJobFileAppender.java:99)
	at com.xxl.job.core.context.XxlJobHelper.logDetail(XxlJobHelper.java:164)
	at com.xxl.job.core.context.XxlJobHelper.log(XxlJobHelper.java:118)
	at com.xxl.job.core.thread.TriggerCallbackThread.callbackLog(TriggerCallbackThread.java:197)
	at com.xxl.job.core.thread.TriggerCallbackThread.doCallback(TriggerCallbackThread.java:170)
	at com.xxl.job.core.thread.TriggerCallbackThread.access$200(TriggerCallbackThread.java:26)
	at com.xxl.job.core.thread.TriggerCallbackThread$1.run(TriggerCallbackThread.java:76)
	at java.lang.Thread.run(Thread.java:748)
2023-06-22 19:16:30,174 ERROR [xxl-job, JobThread-5-1687432581416][XxlJobFileAppender.java:101] - No such file or directory
java.io.IOException: No such file or directory
	at java.io.UnixFileSystem.createFileExclusively(Native Method)
	at java.io.File.createNewFile(File.java:1012)
	at com.xxl.job.core.log.XxlJobFileAppender.appendLog(XxlJobFileAppender.java:99)
	at com.xxl.job.core.context.XxlJobHelper.logDetail(XxlJobHelper.java:164)
	at com.xxl.job.core.context.XxlJobHelper.log(XxlJobHelper.java:118)
	at com.xxl.job.core.thread.JobThread.run(JobThread.java:133)
2023-06-22 19:16:30,178 ERROR [xxl-job, JobThread-5-1687432581416][XxlJobFileAppender.java:101] - No such file or directory
java.io.IOException: No such file or directory
	at java.io.UnixFileSystem.createFileExclusively(Native Method)
	at java.io.File.createNewFile(File.java:1012)
	at com.xxl.job.core.log.XxlJobFileAppender.appendLog(XxlJobFileAppender.java:99)
	at com.xxl.job.core.context.XxlJobHelper.logDetail(XxlJobHelper.java:164)
	at com.xxl.job.core.context.XxlJobHelper.log(XxlJobHelper.java:118)
	at com.xuecheng.media.service.jobhandler.SampleXxlJob.demoJobHandler(SampleXxlJob.java:37)
	at sun.reflect.NativeMethodAccessorImpl.invoke0(Native Method)
	at sun.reflect.NativeMethodAccessorImpl.invoke(NativeMethodAccessorImpl.java:62)
	at sun.reflect.DelegatingMethodAccessorImpl.invoke(DelegatingMethodAccessorImpl.java:43)
	at java.lang.reflect.Method.invoke(Method.java:498)
	at com.xxl.job.core.handler.impl.MethodJobHandler.execute(MethodJobHandler.java:31)
	at com.xxl.job.core.thread.JobThread.run(JobThread.java:166)
2023-06-22 19:16:30,182 ERROR [xxl-job, JobThread-5-1687432581416][XxlJobFileAppender.java:101] - No such file or directory
java.io.IOException: No such file or directory
	at java.io.UnixFileSystem.createFileExclusively(Native Method)
	at java.io.File.createNewFile(File.java:1012)
	at com.xxl.job.core.log.XxlJobFileAppender.appendLog(XxlJobFileAppender.java:99)
	at com.xxl.job.core.context.XxlJobHelper.logDetail(XxlJobHelper.java:164)
	at com.xxl.job.core.context.XxlJobHelper.log(XxlJobHelper.java:118)
	at com.xxl.job.core.thread.JobThread.run(JobThread.java:179)
2023-06-22 19:16:30,205 ERROR [xxl-job, executor TriggerCallbackThread][XxlJobFileAppender.java:101] - No such file or directory
java.io.IOException: No such file or directory
	at java.io.UnixFileSystem.createFileExclusively(Native Method)
	at java.io.File.createNewFile(File.java:1012)
	at com.xxl.job.core.log.XxlJobFileAppender.appendLog(XxlJobFileAppender.java:99)
	at com.xxl.job.core.context.XxlJobHelper.logDetail(XxlJobHelper.java:164)
	at com.xxl.job.core.context.XxlJobHelper.log(XxlJobHelper.java:118)
	at com.xxl.job.core.thread.TriggerCallbackThread.callbackLog(TriggerCallbackThread.java:197)
	at com.xxl.job.core.thread.TriggerCallbackThread.doCallback(TriggerCallbackThread.java:170)
	at com.xxl.job.core.thread.TriggerCallbackThread.access$200(TriggerCallbackThread.java:26)
	at com.xxl.job.core.thread.TriggerCallbackThread$1.run(TriggerCallbackThread.java:76)
	at java.lang.Thread.run(Thread.java:748)
2023-06-22 19:16:33,307 ERROR [xxl-job, JobThread-5-1687432581416][XxlJobFileAppender.java:101] - No such file or directory
java.io.IOException: No such file or directory
	at java.io.UnixFileSystem.createFileExclusively(Native Method)
	at java.io.File.createNewFile(File.java:1012)
	at com.xxl.job.core.log.XxlJobFileAppender.appendLog(XxlJobFileAppender.java:99)
	at com.xxl.job.core.context.XxlJobHelper.logDetail(XxlJobHelper.java:164)
	at com.xxl.job.core.context.XxlJobHelper.log(XxlJobHelper.java:118)
	at com.xxl.job.core.thread.JobThread.run(JobThread.java:133)
2023-06-22 19:16:33,309 ERROR [xxl-job, JobThread-5-1687432581416][XxlJobFileAppender.java:101] - No such file or directory
java.io.IOException: No such file or directory
	at java.io.UnixFileSystem.createFileExclusively(Native Method)
	at java.io.File.createNewFile(File.java:1012)
	at com.xxl.job.core.log.XxlJobFileAppender.appendLog(XxlJobFileAppender.java:99)
	at com.xxl.job.core.context.XxlJobHelper.logDetail(XxlJobHelper.java:164)
	at com.xxl.job.core.context.XxlJobHelper.log(XxlJobHelper.java:118)
	at com.xuecheng.media.service.jobhandler.SampleXxlJob.demoJobHandler(SampleXxlJob.java:37)
	at sun.reflect.NativeMethodAccessorImpl.invoke0(Native Method)
	at sun.reflect.NativeMethodAccessorImpl.invoke(NativeMethodAccessorImpl.java:62)
	at sun.reflect.DelegatingMethodAccessorImpl.invoke(DelegatingMethodAccessorImpl.java:43)
	at java.lang.reflect.Method.invoke(Method.java:498)
	at com.xxl.job.core.handler.impl.MethodJobHandler.execute(MethodJobHandler.java:31)
	at com.xxl.job.core.thread.JobThread.run(JobThread.java:166)
2023-06-22 19:16:48,524 ERROR [xxl-job, JobThread-5-1687432581416][XxlJobFileAppender.java:101] - No such file or directory
java.io.IOException: No such file or directory
	at java.io.UnixFileSystem.createFileExclusively(Native Method)
	at java.io.File.createNewFile(File.java:1012)
	at com.xxl.job.core.log.XxlJobFileAppender.appendLog(XxlJobFileAppender.java:99)
	at com.xxl.job.core.context.XxlJobHelper.logDetail(XxlJobHelper.java:164)
	at com.xxl.job.core.context.XxlJobHelper.log(XxlJobHelper.java:118)
	at com.xxl.job.core.thread.JobThread.run(JobThread.java:179)
2023-06-22 19:16:48,605 ERROR [xxl-job, executor TriggerCallbackThread][XxlJobFileAppender.java:101] - No such file or directory
java.io.IOException: No such file or directory
	at java.io.UnixFileSystem.createFileExclusively(Native Method)
	at java.io.File.createNewFile(File.java:1012)
	at com.xxl.job.core.log.XxlJobFileAppender.appendLog(XxlJobFileAppender.java:99)
	at com.xxl.job.core.context.XxlJobHelper.logDetail(XxlJobHelper.java:164)
	at com.xxl.job.core.context.XxlJobHelper.log(XxlJobHelper.java:118)
	at com.xxl.job.core.thread.TriggerCallbackThread.callbackLog(TriggerCallbackThread.java:197)
	at com.xxl.job.core.thread.TriggerCallbackThread.doCallback(TriggerCallbackThread.java:170)
	at com.xxl.job.core.thread.TriggerCallbackThread.access$200(TriggerCallbackThread.java:26)
	at com.xxl.job.core.thread.TriggerCallbackThread$1.run(TriggerCallbackThread.java:76)
	at java.lang.Thread.run(Thread.java:748)
2023-06-22 19:16:48,603 ERROR [xxl-job, JobThread-5-1687432581416][XxlJobFileAppender.java:101] - No such file or directory
java.io.IOException: No such file or directory
	at java.io.UnixFileSystem.createFileExclusively(Native Method)
	at java.io.File.createNewFile(File.java:1012)
	at com.xxl.job.core.log.XxlJobFileAppender.appendLog(XxlJobFileAppender.java:99)
	at com.xxl.job.core.context.XxlJobHelper.logDetail(XxlJobHelper.java:164)
	at com.xxl.job.core.context.XxlJobHelper.log(XxlJobHelper.java:118)
	at com.xxl.job.core.thread.JobThread.run(JobThread.java:133)
2023-06-22 19:16:48,623 ERROR [xxl-job, JobThread-5-1687432581416][XxlJobFileAppender.java:101] - No such file or directory
java.io.IOException: No such file or directory
	at java.io.UnixFileSystem.createFileExclusively(Native Method)
	at java.io.File.createNewFile(File.java:1012)
	at com.xxl.job.core.log.XxlJobFileAppender.appendLog(XxlJobFileAppender.java:99)
	at com.xxl.job.core.context.XxlJobHelper.logDetail(XxlJobHelper.java:164)
	at com.xxl.job.core.context.XxlJobHelper.log(XxlJobHelper.java:118)
	at com.xuecheng.media.service.jobhandler.SampleXxlJob.demoJobHandler(SampleXxlJob.java:37)
	at sun.reflect.NativeMethodAccessorImpl.invoke0(Native Method)
	at sun.reflect.NativeMethodAccessorImpl.invoke(NativeMethodAccessorImpl.java:62)
	at sun.reflect.DelegatingMethodAccessorImpl.invoke(DelegatingMethodAccessorImpl.java:43)
	at java.lang.reflect.Method.invoke(Method.java:498)
	at com.xxl.job.core.handler.impl.MethodJobHandler.execute(MethodJobHandler.java:31)
	at com.xxl.job.core.thread.JobThread.run(JobThread.java:166)
2023-06-22 19:16:57,815 ERROR [xxl-job, JobThread-5-1687432581416][XxlJobFileAppender.java:101] - No such file or directory
java.io.IOException: No such file or directory
	at java.io.UnixFileSystem.createFileExclusively(Native Method)
	at java.io.File.createNewFile(File.java:1012)
	at com.xxl.job.core.log.XxlJobFileAppender.appendLog(XxlJobFileAppender.java:99)
	at com.xxl.job.core.context.XxlJobHelper.logDetail(XxlJobHelper.java:164)
	at com.xxl.job.core.context.XxlJobHelper.log(XxlJobHelper.java:118)
	at com.xxl.job.core.thread.JobThread.run(JobThread.java:179)
2023-06-22 19:16:57,881 ERROR [xxl-job, JobThread-5-1687432581416][XxlJobFileAppender.java:101] - No such file or directory
java.io.IOException: No such file or directory
	at java.io.UnixFileSystem.createFileExclusively(Native Method)
	at java.io.File.createNewFile(File.java:1012)
	at com.xxl.job.core.log.XxlJobFileAppender.appendLog(XxlJobFileAppender.java:99)
	at com.xxl.job.core.context.XxlJobHelper.logDetail(XxlJobHelper.java:164)
	at com.xxl.job.core.context.XxlJobHelper.log(XxlJobHelper.java:118)
	at com.xxl.job.core.thread.JobThread.run(JobThread.java:133)
2023-06-22 19:16:57,887 ERROR [xxl-job, JobThread-5-1687432581416][XxlJobFileAppender.java:101] - No such file or directory
java.io.IOException: No such file or directory
	at java.io.UnixFileSystem.createFileExclusively(Native Method)
	at java.io.File.createNewFile(File.java:1012)
	at com.xxl.job.core.log.XxlJobFileAppender.appendLog(XxlJobFileAppender.java:99)
	at com.xxl.job.core.context.XxlJobHelper.logDetail(XxlJobHelper.java:164)
	at com.xxl.job.core.context.XxlJobHelper.log(XxlJobHelper.java:118)
	at com.xuecheng.media.service.jobhandler.SampleXxlJob.demoJobHandler(SampleXxlJob.java:37)
	at sun.reflect.NativeMethodAccessorImpl.invoke0(Native Method)
	at sun.reflect.NativeMethodAccessorImpl.invoke(NativeMethodAccessorImpl.java:62)
	at sun.reflect.DelegatingMethodAccessorImpl.invoke(DelegatingMethodAccessorImpl.java:43)
	at java.lang.reflect.Method.invoke(Method.java:498)
	at com.xxl.job.core.handler.impl.MethodJobHandler.execute(MethodJobHandler.java:31)
	at com.xxl.job.core.thread.JobThread.run(JobThread.java:166)
2023-06-22 19:17:01,172 ERROR [xxl-job, JobThread-5-1687432581416][XxlJobFileAppender.java:101] - No such file or directory
java.io.IOException: No such file or directory
	at java.io.UnixFileSystem.createFileExclusively(Native Method)
	at java.io.File.createNewFile(File.java:1012)
	at com.xxl.job.core.log.XxlJobFileAppender.appendLog(XxlJobFileAppender.java:99)
	at com.xxl.job.core.context.XxlJobHelper.logDetail(XxlJobHelper.java:164)
	at com.xxl.job.core.context.XxlJobHelper.log(XxlJobHelper.java:118)
	at com.xxl.job.core.thread.JobThread.run(JobThread.java:179)
2023-06-22 19:17:01,195 ERROR [xxl-job, executor TriggerCallbackThread][XxlJobFileAppender.java:101] - No such file or directory
java.io.IOException: No such file or directory
	at java.io.UnixFileSystem.createFileExclusively(Native Method)
	at java.io.File.createNewFile(File.java:1012)
	at com.xxl.job.core.log.XxlJobFileAppender.appendLog(XxlJobFileAppender.java:99)
	at com.xxl.job.core.context.XxlJobHelper.logDetail(XxlJobHelper.java:164)
	at com.xxl.job.core.context.XxlJobHelper.log(XxlJobHelper.java:118)
	at com.xxl.job.core.thread.TriggerCallbackThread.callbackLog(TriggerCallbackThread.java:197)
	at com.xxl.job.core.thread.TriggerCallbackThread.doCallback(TriggerCallbackThread.java:170)
	at com.xxl.job.core.thread.TriggerCallbackThread.access$200(TriggerCallbackThread.java:26)
	at com.xxl.job.core.thread.TriggerCallbackThread$1.run(TriggerCallbackThread.java:76)
	at java.lang.Thread.run(Thread.java:748)
2023-06-22 19:17:01,218 ERROR [xxl-job, JobThread-5-1687432581416][XxlJobFileAppender.java:101] - No such file or directory
java.io.IOException: No such file or directory
	at java.io.UnixFileSystem.createFileExclusively(Native Method)
	at java.io.File.createNewFile(File.java:1012)
	at com.xxl.job.core.log.XxlJobFileAppender.appendLog(XxlJobFileAppender.java:99)
	at com.xxl.job.core.context.XxlJobHelper.logDetail(XxlJobHelper.java:164)
	at com.xxl.job.core.context.XxlJobHelper.log(XxlJobHelper.java:118)
	at com.xxl.job.core.thread.JobThread.run(JobThread.java:133)
2023-06-22 19:17:01,226 ERROR [xxl-job, JobThread-5-1687432581416][XxlJobFileAppender.java:101] - No such file or directory
java.io.IOException: No such file or directory
	at java.io.UnixFileSystem.createFileExclusively(Native Method)
	at java.io.File.createNewFile(File.java:1012)
	at com.xxl.job.core.log.XxlJobFileAppender.appendLog(XxlJobFileAppender.java:99)
	at com.xxl.job.core.context.XxlJobHelper.logDetail(XxlJobHelper.java:164)
	at com.xxl.job.core.context.XxlJobHelper.log(XxlJobHelper.java:118)
	at com.xuecheng.media.service.jobhandler.SampleXxlJob.demoJobHandler(SampleXxlJob.java:37)
	at sun.reflect.NativeMethodAccessorImpl.invoke0(Native Method)
	at sun.reflect.NativeMethodAccessorImpl.invoke(NativeMethodAccessorImpl.java:62)
	at sun.reflect.DelegatingMethodAccessorImpl.invoke(DelegatingMethodAccessorImpl.java:43)
	at java.lang.reflect.Method.invoke(Method.java:498)
	at com.xxl.job.core.handler.impl.MethodJobHandler.execute(MethodJobHandler.java:31)
	at com.xxl.job.core.thread.JobThread.run(JobThread.java:166)
2023-06-22 19:17:01,233 ERROR [xxl-job, JobThread-5-1687432581416][XxlJobFileAppender.java:101] - No such file or directory
java.io.IOException: No such file or directory
	at java.io.UnixFileSystem.createFileExclusively(Native Method)
	at java.io.File.createNewFile(File.java:1012)
	at com.xxl.job.core.log.XxlJobFileAppender.appendLog(XxlJobFileAppender.java:99)
	at com.xxl.job.core.context.XxlJobHelper.logDetail(XxlJobHelper.java:164)
	at com.xxl.job.core.context.XxlJobHelper.log(XxlJobHelper.java:118)
	at com.xxl.job.core.thread.JobThread.run(JobThread.java:179)
2023-06-22 19:17:01,236 ERROR [xxl-job, JobThread-5-1687432581416][XxlJobFileAppender.java:101] - No such file or directory
java.io.IOException: No such file or directory
	at java.io.UnixFileSystem.createFileExclusively(Native Method)
	at java.io.File.createNewFile(File.java:1012)
	at com.xxl.job.core.log.XxlJobFileAppender.appendLog(XxlJobFileAppender.java:99)
	at com.xxl.job.core.context.XxlJobHelper.logDetail(XxlJobHelper.java:164)
	at com.xxl.job.core.context.XxlJobHelper.log(XxlJobHelper.java:118)
	at com.xxl.job.core.thread.JobThread.run(JobThread.java:133)
2023-06-22 19:17:01,239 ERROR [xxl-job, JobThread-5-1687432581416][XxlJobFileAppender.java:101] - No such file or directory
java.io.IOException: No such file or directory
	at java.io.UnixFileSystem.createFileExclusively(Native Method)
	at java.io.File.createNewFile(File.java:1012)
	at com.xxl.job.core.log.XxlJobFileAppender.appendLog(XxlJobFileAppender.java:99)
	at com.xxl.job.core.context.XxlJobHelper.logDetail(XxlJobHelper.java:164)
	at com.xxl.job.core.context.XxlJobHelper.log(XxlJobHelper.java:118)
	at com.xuecheng.media.service.jobhandler.SampleXxlJob.demoJobHandler(SampleXxlJob.java:37)
	at sun.reflect.NativeMethodAccessorImpl.invoke0(Native Method)
	at sun.reflect.NativeMethodAccessorImpl.invoke(NativeMethodAccessorImpl.java:62)
	at sun.reflect.DelegatingMethodAccessorImpl.invoke(DelegatingMethodAccessorImpl.java:43)
	at java.lang.reflect.Method.invoke(Method.java:498)
	at com.xxl.job.core.handler.impl.MethodJobHandler.execute(MethodJobHandler.java:31)
	at com.xxl.job.core.thread.JobThread.run(JobThread.java:166)
2023-06-22 19:17:01,243 ERROR [xxl-job, JobThread-5-1687432581416][XxlJobFileAppender.java:101] - No such file or directory
java.io.IOException: No such file or directory
	at java.io.UnixFileSystem.createFileExclusively(Native Method)
	at java.io.File.createNewFile(File.java:1012)
	at com.xxl.job.core.log.XxlJobFileAppender.appendLog(XxlJobFileAppender.java:99)
	at com.xxl.job.core.context.XxlJobHelper.logDetail(XxlJobHelper.java:164)
	at com.xxl.job.core.context.XxlJobHelper.log(XxlJobHelper.java:118)
	at com.xxl.job.core.thread.JobThread.run(JobThread.java:179)
2023-06-22 19:17:01,243 ERROR [xxl-job, JobThread-5-1687432581416][XxlJobFileAppender.java:101] - No such file or directory
java.io.IOException: No such file or directory
	at java.io.UnixFileSystem.createFileExclusively(Native Method)
	at java.io.File.createNewFile(File.java:1012)
	at com.xxl.job.core.log.XxlJobFileAppender.appendLog(XxlJobFileAppender.java:99)
	at com.xxl.job.core.context.XxlJobHelper.logDetail(XxlJobHelper.java:164)
	at com.xxl.job.core.context.XxlJobHelper.log(XxlJobHelper.java:118)
	at com.xxl.job.core.thread.JobThread.run(JobThread.java:133)
2023-06-22 19:17:01,245 ERROR [xxl-job, JobThread-5-1687432581416][XxlJobFileAppender.java:101] - No such file or directory
java.io.IOException: No such file or directory
	at java.io.UnixFileSystem.createFileExclusively(Native Method)
	at java.io.File.createNewFile(File.java:1012)
	at com.xxl.job.core.log.XxlJobFileAppender.appendLog(XxlJobFileAppender.java:99)
	at com.xxl.job.core.context.XxlJobHelper.logDetail(XxlJobHelper.java:164)
	at com.xxl.job.core.context.XxlJobHelper.log(XxlJobHelper.java:118)
	at com.xuecheng.media.service.jobhandler.SampleXxlJob.demoJobHandler(SampleXxlJob.java:37)
	at sun.reflect.NativeMethodAccessorImpl.invoke0(Native Method)
	at sun.reflect.NativeMethodAccessorImpl.invoke(NativeMethodAccessorImpl.java:62)
	at sun.reflect.DelegatingMethodAccessorImpl.invoke(DelegatingMethodAccessorImpl.java:43)
	at java.lang.reflect.Method.invoke(Method.java:498)
	at com.xxl.job.core.handler.impl.MethodJobHandler.execute(MethodJobHandler.java:31)
	at com.xxl.job.core.thread.JobThread.run(JobThread.java:166)
2023-06-22 19:17:01,246 ERROR [xxl-job, JobThread-5-1687432581416][XxlJobFileAppender.java:101] - No such file or directory
java.io.IOException: No such file or directory
	at java.io.UnixFileSystem.createFileExclusively(Native Method)
	at java.io.File.createNewFile(File.java:1012)
	at com.xxl.job.core.log.XxlJobFileAppender.appendLog(XxlJobFileAppender.java:99)
	at com.xxl.job.core.context.XxlJobHelper.logDetail(XxlJobHelper.java:164)
	at com.xxl.job.core.context.XxlJobHelper.log(XxlJobHelper.java:118)
	at com.xxl.job.core.thread.JobThread.run(JobThread.java:179)
2023-06-22 19:17:01,249 ERROR [xxl-job, JobThread-5-1687432581416][XxlJobFileAppender.java:101] - No such file or directory
java.io.IOException: No such file or directory
	at java.io.UnixFileSystem.createFileExclusively(Native Method)
	at java.io.File.createNewFile(File.java:1012)
	at com.xxl.job.core.log.XxlJobFileAppender.appendLog(XxlJobFileAppender.java:99)
	at com.xxl.job.core.context.XxlJobHelper.logDetail(XxlJobHelper.java:164)
	at com.xxl.job.core.context.XxlJobHelper.log(XxlJobHelper.java:118)
	at com.xxl.job.core.thread.JobThread.run(JobThread.java:133)
2023-06-22 19:17:01,249 ERROR [xxl-job, JobThread-5-1687432581416][XxlJobFileAppender.java:101] - No such file or directory
java.io.IOException: No such file or directory
	at java.io.UnixFileSystem.createFileExclusively(Native Method)
	at java.io.File.createNewFile(File.java:1012)
	at com.xxl.job.core.log.XxlJobFileAppender.appendLog(XxlJobFileAppender.java:99)
	at com.xxl.job.core.context.XxlJobHelper.logDetail(XxlJobHelper.java:164)
	at com.xxl.job.core.context.XxlJobHelper.log(XxlJobHelper.java:118)
	at com.xuecheng.media.service.jobhandler.SampleXxlJob.demoJobHandler(SampleXxlJob.java:37)
	at sun.reflect.NativeMethodAccessorImpl.invoke0(Native Method)
	at sun.reflect.NativeMethodAccessorImpl.invoke(NativeMethodAccessorImpl.java:62)
	at sun.reflect.DelegatingMethodAccessorImpl.invoke(DelegatingMethodAccessorImpl.java:43)
	at java.lang.reflect.Method.invoke(Method.java:498)
	at com.xxl.job.core.handler.impl.MethodJobHandler.execute(MethodJobHandler.java:31)
	at com.xxl.job.core.thread.JobThread.run(JobThread.java:166)
2023-06-22 19:17:01,252 ERROR [xxl-job, JobThread-5-1687432581416][XxlJobFileAppender.java:101] - No such file or directory
java.io.IOException: No such file or directory
	at java.io.UnixFileSystem.createFileExclusively(Native Method)
	at java.io.File.createNewFile(File.java:1012)
	at com.xxl.job.core.log.XxlJobFileAppender.appendLog(XxlJobFileAppender.java:99)
	at com.xxl.job.core.context.XxlJobHelper.logDetail(XxlJobHelper.java:164)
	at com.xxl.job.core.context.XxlJobHelper.log(XxlJobHelper.java:118)
	at com.xxl.job.core.thread.JobThread.run(JobThread.java:179)
2023-06-22 19:17:01,251 ERROR [xxl-job, executor TriggerCallbackThread][XxlJobFileAppender.java:101] - No such file or directory
java.io.IOException: No such file or directory
	at java.io.UnixFileSystem.createFileExclusively(Native Method)
	at java.io.File.createNewFile(File.java:1012)
	at com.xxl.job.core.log.XxlJobFileAppender.appendLog(XxlJobFileAppender.java:99)
	at com.xxl.job.core.context.XxlJobHelper.logDetail(XxlJobHelper.java:164)
	at com.xxl.job.core.context.XxlJobHelper.log(XxlJobHelper.java:118)
	at com.xxl.job.core.thread.TriggerCallbackThread.callbackLog(TriggerCallbackThread.java:197)
	at com.xxl.job.core.thread.TriggerCallbackThread.doCallback(TriggerCallbackThread.java:170)
	at com.xxl.job.core.thread.TriggerCallbackThread.access$200(TriggerCallbackThread.java:26)
	at com.xxl.job.core.thread.TriggerCallbackThread$1.run(TriggerCallbackThread.java:76)
	at java.lang.Thread.run(Thread.java:748)
2023-06-22 19:17:01,254 ERROR [xxl-job, JobThread-5-1687432581416][XxlJobFileAppender.java:101] - No such file or directory
java.io.IOException: No such file or directory
	at java.io.UnixFileSystem.createFileExclusively(Native Method)
	at java.io.File.createNewFile(File.java:1012)
	at com.xxl.job.core.log.XxlJobFileAppender.appendLog(XxlJobFileAppender.java:99)
	at com.xxl.job.core.context.XxlJobHelper.logDetail(XxlJobHelper.java:164)
	at com.xxl.job.core.context.XxlJobHelper.log(XxlJobHelper.java:118)
	at com.xxl.job.core.thread.JobThread.run(JobThread.java:133)
2023-06-22 19:17:01,254 ERROR [xxl-job, JobThread-5-1687432581416][XxlJobFileAppender.java:101] - No such file or directory
java.io.IOException: No such file or directory
	at java.io.UnixFileSystem.createFileExclusively(Native Method)
	at java.io.File.createNewFile(File.java:1012)
	at com.xxl.job.core.log.XxlJobFileAppender.appendLog(XxlJobFileAppender.java:99)
	at com.xxl.job.core.context.XxlJobHelper.logDetail(XxlJobHelper.java:164)
	at com.xxl.job.core.context.XxlJobHelper.log(XxlJobHelper.java:118)
	at com.xuecheng.media.service.jobhandler.SampleXxlJob.demoJobHandler(SampleXxlJob.java:37)
	at sun.reflect.NativeMethodAccessorImpl.invoke0(Native Method)
	at sun.reflect.NativeMethodAccessorImpl.invoke(NativeMethodAccessorImpl.java:62)
	at sun.reflect.DelegatingMethodAccessorImpl.invoke(DelegatingMethodAccessorImpl.java:43)
	at java.lang.reflect.Method.invoke(Method.java:498)
	at com.xxl.job.core.handler.impl.MethodJobHandler.execute(MethodJobHandler.java:31)
	at com.xxl.job.core.thread.JobThread.run(JobThread.java:166)
2023-06-22 19:17:01,255 ERROR [xxl-job, JobThread-5-1687432581416][XxlJobFileAppender.java:101] - No such file or directory
java.io.IOException: No such file or directory
	at java.io.UnixFileSystem.createFileExclusively(Native Method)
	at java.io.File.createNewFile(File.java:1012)
	at com.xxl.job.core.log.XxlJobFileAppender.appendLog(XxlJobFileAppender.java:99)
	at com.xxl.job.core.context.XxlJobHelper.logDetail(XxlJobHelper.java:164)
	at com.xxl.job.core.context.XxlJobHelper.log(XxlJobHelper.java:118)
	at com.xxl.job.core.thread.JobThread.run(JobThread.java:179)
2023-06-22 19:17:01,257 ERROR [xxl-job, JobThread-5-1687432581416][XxlJobFileAppender.java:101] - No such file or directory
java.io.IOException: No such file or directory
	at java.io.UnixFileSystem.createFileExclusively(Native Method)
	at java.io.File.createNewFile(File.java:1012)
	at com.xxl.job.core.log.XxlJobFileAppender.appendLog(XxlJobFileAppender.java:99)
	at com.xxl.job.core.context.XxlJobHelper.logDetail(XxlJobHelper.java:164)
	at com.xxl.job.core.context.XxlJobHelper.log(XxlJobHelper.java:118)
	at com.xxl.job.core.thread.JobThread.run(JobThread.java:133)
2023-06-22 19:17:01,259 ERROR [xxl-job, JobThread-5-1687432581416][XxlJobFileAppender.java:101] - No such file or directory
java.io.IOException: No such file or directory
	at java.io.UnixFileSystem.createFileExclusively(Native Method)
	at java.io.File.createNewFile(File.java:1012)
	at com.xxl.job.core.log.XxlJobFileAppender.appendLog(XxlJobFileAppender.java:99)
	at com.xxl.job.core.context.XxlJobHelper.logDetail(XxlJobHelper.java:164)
	at com.xxl.job.core.context.XxlJobHelper.log(XxlJobHelper.java:118)
	at com.xuecheng.media.service.jobhandler.SampleXxlJob.demoJobHandler(SampleXxlJob.java:37)
	at sun.reflect.NativeMethodAccessorImpl.invoke0(Native Method)
	at sun.reflect.NativeMethodAccessorImpl.invoke(NativeMethodAccessorImpl.java:62)
	at sun.reflect.DelegatingMethodAccessorImpl.invoke(DelegatingMethodAccessorImpl.java:43)
	at java.lang.reflect.Method.invoke(Method.java:498)
	at com.xxl.job.core.handler.impl.MethodJobHandler.execute(MethodJobHandler.java:31)
	at com.xxl.job.core.thread.JobThread.run(JobThread.java:166)
2023-06-22 19:17:01,259 ERROR [xxl-job, JobThread-5-1687432581416][XxlJobFileAppender.java:101] - No such file or directory
java.io.IOException: No such file or directory
	at java.io.UnixFileSystem.createFileExclusively(Native Method)
	at java.io.File.createNewFile(File.java:1012)
	at com.xxl.job.core.log.XxlJobFileAppender.appendLog(XxlJobFileAppender.java:99)
	at com.xxl.job.core.context.XxlJobHelper.logDetail(XxlJobHelper.java:164)
	at com.xxl.job.core.context.XxlJobHelper.log(XxlJobHelper.java:118)
	at com.xxl.job.core.thread.JobThread.run(JobThread.java:179)
2023-06-22 19:17:01,260 ERROR [xxl-job, JobThread-5-1687432581416][XxlJobFileAppender.java:101] - No such file or directory
java.io.IOException: No such file or directory
	at java.io.UnixFileSystem.createFileExclusively(Native Method)
	at java.io.File.createNewFile(File.java:1012)
	at com.xxl.job.core.log.XxlJobFileAppender.appendLog(XxlJobFileAppender.java:99)
	at com.xxl.job.core.context.XxlJobHelper.logDetail(XxlJobHelper.java:164)
	at com.xxl.job.core.context.XxlJobHelper.log(XxlJobHelper.java:118)
	at com.xxl.job.core.thread.JobThread.run(JobThread.java:133)
2023-06-22 19:17:01,260 ERROR [xxl-job, JobThread-5-1687432581416][XxlJobFileAppender.java:101] - No such file or directory
java.io.IOException: No such file or directory
	at java.io.UnixFileSystem.createFileExclusively(Native Method)
	at java.io.File.createNewFile(File.java:1012)
	at com.xxl.job.core.log.XxlJobFileAppender.appendLog(XxlJobFileAppender.java:99)
	at com.xxl.job.core.context.XxlJobHelper.logDetail(XxlJobHelper.java:164)
	at com.xxl.job.core.context.XxlJobHelper.log(XxlJobHelper.java:118)
	at com.xuecheng.media.service.jobhandler.SampleXxlJob.demoJobHandler(SampleXxlJob.java:37)
	at sun.reflect.NativeMethodAccessorImpl.invoke0(Native Method)
	at sun.reflect.NativeMethodAccessorImpl.invoke(NativeMethodAccessorImpl.java:62)
	at sun.reflect.DelegatingMethodAccessorImpl.invoke(DelegatingMethodAccessorImpl.java:43)
	at java.lang.reflect.Method.invoke(Method.java:498)
	at com.xxl.job.core.handler.impl.MethodJobHandler.execute(MethodJobHandler.java:31)
	at com.xxl.job.core.thread.JobThread.run(JobThread.java:166)
2023-06-22 19:17:01,260 ERROR [xxl-job, JobThread-5-1687432581416][XxlJobFileAppender.java:101] - No such file or directory
java.io.IOException: No such file or directory
	at java.io.UnixFileSystem.createFileExclusively(Native Method)
	at java.io.File.createNewFile(File.java:1012)
	at com.xxl.job.core.log.XxlJobFileAppender.appendLog(XxlJobFileAppender.java:99)
	at com.xxl.job.core.context.XxlJobHelper.logDetail(XxlJobHelper.java:164)
	at com.xxl.job.core.context.XxlJobHelper.log(XxlJobHelper.java:118)
	at com.xxl.job.core.thread.JobThread.run(JobThread.java:179)
2023-06-22 19:17:01,264 ERROR [xxl-job, executor TriggerCallbackThread][XxlJobFileAppender.java:101] - No such file or directory
java.io.IOException: No such file or directory
	at java.io.UnixFileSystem.createFileExclusively(Native Method)
	at java.io.File.createNewFile(File.java:1012)
	at com.xxl.job.core.log.XxlJobFileAppender.appendLog(XxlJobFileAppender.java:99)
	at com.xxl.job.core.context.XxlJobHelper.logDetail(XxlJobHelper.java:164)
	at com.xxl.job.core.context.XxlJobHelper.log(XxlJobHelper.java:118)
	at com.xxl.job.core.thread.TriggerCallbackThread.callbackLog(TriggerCallbackThread.java:197)
	at com.xxl.job.core.thread.TriggerCallbackThread.doCallback(TriggerCallbackThread.java:170)
	at com.xxl.job.core.thread.TriggerCallbackThread.access$200(TriggerCallbackThread.java:26)
	at com.xxl.job.core.thread.TriggerCallbackThread$1.run(TriggerCallbackThread.java:76)
	at java.lang.Thread.run(Thread.java:748)
2023-06-22 19:17:01,265 ERROR [xxl-job, executor TriggerCallbackThread][XxlJobFileAppender.java:101] - No such file or directory
java.io.IOException: No such file or directory
	at java.io.UnixFileSystem.createFileExclusively(Native Method)
	at java.io.File.createNewFile(File.java:1012)
	at com.xxl.job.core.log.XxlJobFileAppender.appendLog(XxlJobFileAppender.java:99)
	at com.xxl.job.core.context.XxlJobHelper.logDetail(XxlJobHelper.java:164)
	at com.xxl.job.core.context.XxlJobHelper.log(XxlJobHelper.java:118)
	at com.xxl.job.core.thread.TriggerCallbackThread.callbackLog(TriggerCallbackThread.java:197)
	at com.xxl.job.core.thread.TriggerCallbackThread.doCallback(TriggerCallbackThread.java:170)
	at com.xxl.job.core.thread.TriggerCallbackThread.access$200(TriggerCallbackThread.java:26)
	at com.xxl.job.core.thread.TriggerCallbackThread$1.run(TriggerCallbackThread.java:76)
	at java.lang.Thread.run(Thread.java:748)
2023-06-22 19:17:01,267 ERROR [xxl-job, executor TriggerCallbackThread][XxlJobFileAppender.java:101] - No such file or directory
java.io.IOException: No such file or directory
	at java.io.UnixFileSystem.createFileExclusively(Native Method)
	at java.io.File.createNewFile(File.java:1012)
	at com.xxl.job.core.log.XxlJobFileAppender.appendLog(XxlJobFileAppender.java:99)
	at com.xxl.job.core.context.XxlJobHelper.logDetail(XxlJobHelper.java:164)
	at com.xxl.job.core.context.XxlJobHelper.log(XxlJobHelper.java:118)
	at com.xxl.job.core.thread.TriggerCallbackThread.callbackLog(TriggerCallbackThread.java:197)
	at com.xxl.job.core.thread.TriggerCallbackThread.doCallback(TriggerCallbackThread.java:170)
	at com.xxl.job.core.thread.TriggerCallbackThread.access$200(TriggerCallbackThread.java:26)
	at com.xxl.job.core.thread.TriggerCallbackThread$1.run(TriggerCallbackThread.java:76)
	at java.lang.Thread.run(Thread.java:748)
2023-06-22 19:17:01,268 ERROR [xxl-job, executor TriggerCallbackThread][XxlJobFileAppender.java:101] - No such file or directory
java.io.IOException: No such file or directory
	at java.io.UnixFileSystem.createFileExclusively(Native Method)
	at java.io.File.createNewFile(File.java:1012)
	at com.xxl.job.core.log.XxlJobFileAppender.appendLog(XxlJobFileAppender.java:99)
	at com.xxl.job.core.context.XxlJobHelper.logDetail(XxlJobHelper.java:164)
	at com.xxl.job.core.context.XxlJobHelper.log(XxlJobHelper.java:118)
	at com.xxl.job.core.thread.TriggerCallbackThread.callbackLog(TriggerCallbackThread.java:197)
	at com.xxl.job.core.thread.TriggerCallbackThread.doCallback(TriggerCallbackThread.java:170)
	at com.xxl.job.core.thread.TriggerCallbackThread.access$200(TriggerCallbackThread.java:26)
	at com.xxl.job.core.thread.TriggerCallbackThread$1.run(TriggerCallbackThread.java:76)
	at java.lang.Thread.run(Thread.java:748)
2023-06-22 19:17:01,277 ERROR [xxl-job, executor TriggerCallbackThread][XxlJobFileAppender.java:101] - No such file or directory
java.io.IOException: No such file or directory
	at java.io.UnixFileSystem.createFileExclusively(Native Method)
	at java.io.File.createNewFile(File.java:1012)
	at com.xxl.job.core.log.XxlJobFileAppender.appendLog(XxlJobFileAppender.java:99)
	at com.xxl.job.core.context.XxlJobHelper.logDetail(XxlJobHelper.java:164)
	at com.xxl.job.core.context.XxlJobHelper.log(XxlJobHelper.java:118)
	at com.xxl.job.core.thread.TriggerCallbackThread.callbackLog(TriggerCallbackThread.java:197)
	at com.xxl.job.core.thread.TriggerCallbackThread.doCallback(TriggerCallbackThread.java:170)
	at com.xxl.job.core.thread.TriggerCallbackThread.access$200(TriggerCallbackThread.java:26)
	at com.xxl.job.core.thread.TriggerCallbackThread$1.run(TriggerCallbackThread.java:76)
	at java.lang.Thread.run(Thread.java:748)
2023-06-22 19:17:01,279 ERROR [xxl-job, executor TriggerCallbackThread][XxlJobFileAppender.java:101] - No such file or directory
java.io.IOException: No such file or directory
	at java.io.UnixFileSystem.createFileExclusively(Native Method)
	at java.io.File.createNewFile(File.java:1012)
	at com.xxl.job.core.log.XxlJobFileAppender.appendLog(XxlJobFileAppender.java:99)
	at com.xxl.job.core.context.XxlJobHelper.logDetail(XxlJobHelper.java:164)
	at com.xxl.job.core.context.XxlJobHelper.log(XxlJobHelper.java:118)
	at com.xxl.job.core.thread.TriggerCallbackThread.callbackLog(TriggerCallbackThread.java:197)
	at com.xxl.job.core.thread.TriggerCallbackThread.doCallback(TriggerCallbackThread.java:170)
	at com.xxl.job.core.thread.TriggerCallbackThread.access$200(TriggerCallbackThread.java:26)
	at com.xxl.job.core.thread.TriggerCallbackThread$1.run(TriggerCallbackThread.java:76)
	at java.lang.Thread.run(Thread.java:748)
2023-06-22 19:17:01,280 ERROR [xxl-job, executor TriggerCallbackThread][XxlJobFileAppender.java:101] - No such file or directory
java.io.IOException: No such file or directory
	at java.io.UnixFileSystem.createFileExclusively(Native Method)
	at java.io.File.createNewFile(File.java:1012)
	at com.xxl.job.core.log.XxlJobFileAppender.appendLog(XxlJobFileAppender.java:99)
	at com.xxl.job.core.context.XxlJobHelper.logDetail(XxlJobHelper.java:164)
	at com.xxl.job.core.context.XxlJobHelper.log(XxlJobHelper.java:118)
	at com.xxl.job.core.thread.TriggerCallbackThread.callbackLog(TriggerCallbackThread.java:197)
	at com.xxl.job.core.thread.TriggerCallbackThread.doCallback(TriggerCallbackThread.java:170)
	at com.xxl.job.core.thread.TriggerCallbackThread.access$200(TriggerCallbackThread.java:26)
	at com.xxl.job.core.thread.TriggerCallbackThread$1.run(TriggerCallbackThread.java:76)
	at java.lang.Thread.run(Thread.java:748)
2023-06-22 19:17:03,208 ERROR [xxl-job, JobThread-5-1687432581416][XxlJobFileAppender.java:101] - No such file or directory
java.io.IOException: No such file or directory
	at java.io.UnixFileSystem.createFileExclusively(Native Method)
	at java.io.File.createNewFile(File.java:1012)
	at com.xxl.job.core.log.XxlJobFileAppender.appendLog(XxlJobFileAppender.java:99)
	at com.xxl.job.core.context.XxlJobHelper.logDetail(XxlJobHelper.java:164)
	at com.xxl.job.core.context.XxlJobHelper.log(XxlJobHelper.java:118)
	at com.xxl.job.core.thread.JobThread.run(JobThread.java:133)
2023-06-22 19:17:03,210 ERROR [xxl-job, JobThread-5-1687432581416][XxlJobFileAppender.java:101] - No such file or directory
java.io.IOException: No such file or directory
	at java.io.UnixFileSystem.createFileExclusively(Native Method)
	at java.io.File.createNewFile(File.java:1012)
	at com.xxl.job.core.log.XxlJobFileAppender.appendLog(XxlJobFileAppender.java:99)
	at com.xxl.job.core.context.XxlJobHelper.logDetail(XxlJobHelper.java:164)
	at com.xxl.job.core.context.XxlJobHelper.log(XxlJobHelper.java:118)
	at com.xuecheng.media.service.jobhandler.SampleXxlJob.demoJobHandler(SampleXxlJob.java:37)
	at sun.reflect.NativeMethodAccessorImpl.invoke0(Native Method)
	at sun.reflect.NativeMethodAccessorImpl.invoke(NativeMethodAccessorImpl.java:62)
	at sun.reflect.DelegatingMethodAccessorImpl.invoke(DelegatingMethodAccessorImpl.java:43)
	at java.lang.reflect.Method.invoke(Method.java:498)
	at com.xxl.job.core.handler.impl.MethodJobHandler.execute(MethodJobHandler.java:31)
	at com.xxl.job.core.thread.JobThread.run(JobThread.java:166)
2023-06-22 19:17:03,211 ERROR [xxl-job, JobThread-5-1687432581416][XxlJobFileAppender.java:101] - No such file or directory
java.io.IOException: No such file or directory
	at java.io.UnixFileSystem.createFileExclusively(Native Method)
	at java.io.File.createNewFile(File.java:1012)
	at com.xxl.job.core.log.XxlJobFileAppender.appendLog(XxlJobFileAppender.java:99)
	at com.xxl.job.core.context.XxlJobHelper.logDetail(XxlJobHelper.java:164)
	at com.xxl.job.core.context.XxlJobHelper.log(XxlJobHelper.java:118)
	at com.xxl.job.core.thread.JobThread.run(JobThread.java:179)
2023-06-22 19:17:03,223 ERROR [xxl-job, executor TriggerCallbackThread][XxlJobFileAppender.java:101] - No such file or directory
java.io.IOException: No such file or directory
	at java.io.UnixFileSystem.createFileExclusively(Native Method)
	at java.io.File.createNewFile(File.java:1012)
	at com.xxl.job.core.log.XxlJobFileAppender.appendLog(XxlJobFileAppender.java:99)
	at com.xxl.job.core.context.XxlJobHelper.logDetail(XxlJobHelper.java:164)
	at com.xxl.job.core.context.XxlJobHelper.log(XxlJobHelper.java:118)
	at com.xxl.job.core.thread.TriggerCallbackThread.callbackLog(TriggerCallbackThread.java:197)
	at com.xxl.job.core.thread.TriggerCallbackThread.doCallback(TriggerCallbackThread.java:170)
	at com.xxl.job.core.thread.TriggerCallbackThread.access$200(TriggerCallbackThread.java:26)
	at com.xxl.job.core.thread.TriggerCallbackThread$1.run(TriggerCallbackThread.java:76)
	at java.lang.Thread.run(Thread.java:748)
2023-06-22 19:24:52,179 ERROR [xxl-job, executor ExecutorRegistryThread][XxlJobRemotingUtil.java:143] - Connection refused (Connection refused)
java.net.ConnectException: Connection refused (Connection refused)
	at java.net.PlainSocketImpl.socketConnect(Native Method)
	at java.net.AbstractPlainSocketImpl.doConnect(AbstractPlainSocketImpl.java:350)
	at java.net.AbstractPlainSocketImpl.connectToAddress(AbstractPlainSocketImpl.java:206)
	at java.net.AbstractPlainSocketImpl.connect(AbstractPlainSocketImpl.java:188)
	at java.net.SocksSocketImpl.connect(SocksSocketImpl.java:392)
	at java.net.Socket.connect(Socket.java:589)
	at sun.net.NetworkClient.doConnect(NetworkClient.java:175)
	at sun.net.www.http.HttpClient.openServer(HttpClient.java:463)
	at sun.net.www.http.HttpClient.openServer(HttpClient.java:558)
	at sun.net.www.http.HttpClient.parseHTTPHeader(HttpClient.java:840)
	at sun.net.www.http.HttpClient.parseHTTP(HttpClient.java:678)
	at sun.net.www.protocol.http.HttpURLConnection.getInputStream0(HttpURLConnection.java:1587)
	at sun.net.www.protocol.http.HttpURLConnection.getInputStream(HttpURLConnection.java:1492)
	at java.net.HttpURLConnection.getResponseCode(HttpURLConnection.java:480)
	at com.xxl.job.core.util.XxlJobRemotingUtil.postBody(XxlJobRemotingUtil.java:119)
	at com.xxl.job.core.biz.client.AdminBizClient.registry(AdminBizClient.java:42)
	at com.xxl.job.core.thread.ExecutorRegistryThread$1.run(ExecutorRegistryThread.java:48)
	at java.lang.Thread.run(Thread.java:748)
2023-06-22 19:30:45,293 ERROR [xxl-job, executor ExecutorRegistryThread][XxlJobRemotingUtil.java:143] - Connection refused (Connection refused)
java.net.ConnectException: Connection refused (Connection refused)
	at java.net.PlainSocketImpl.socketConnect(Native Method)
	at java.net.AbstractPlainSocketImpl.doConnect(AbstractPlainSocketImpl.java:350)
	at java.net.AbstractPlainSocketImpl.connectToAddress(AbstractPlainSocketImpl.java:206)
	at java.net.AbstractPlainSocketImpl.connect(AbstractPlainSocketImpl.java:188)
	at java.net.SocksSocketImpl.connect(SocksSocketImpl.java:392)
	at java.net.Socket.connect(Socket.java:589)
	at sun.net.NetworkClient.doConnect(NetworkClient.java:175)
	at sun.net.www.http.HttpClient.openServer(HttpClient.java:463)
	at sun.net.www.http.HttpClient.openServer(HttpClient.java:558)
	at sun.net.www.http.HttpClient.<init>(HttpClient.java:242)
	at sun.net.www.http.HttpClient.New(HttpClient.java:339)
	at sun.net.www.http.HttpClient.New(HttpClient.java:371)
	at sun.net.www.protocol.http.HttpURLConnection.setNewClient(HttpURLConnection.java:775)
	at sun.net.www.protocol.http.HttpURLConnection.setNewClient(HttpURLConnection.java:763)
	at sun.net.www.protocol.http.HttpURLConnection.writeRequests(HttpURLConnection.java:705)
	at sun.net.www.protocol.http.HttpURLConnection.getInputStream0(HttpURLConnection.java:1585)
	at sun.net.www.protocol.http.HttpURLConnection.getInputStream(HttpURLConnection.java:1492)
	at java.net.HttpURLConnection.getResponseCode(HttpURLConnection.java:480)
	at com.xxl.job.core.util.XxlJobRemotingUtil.postBody(XxlJobRemotingUtil.java:119)
	at com.xxl.job.core.biz.client.AdminBizClient.registry(AdminBizClient.java:42)
	at com.xxl.job.core.thread.ExecutorRegistryThread$1.run(ExecutorRegistryThread.java:48)
	at java.lang.Thread.run(Thread.java:748)
