2023-11-12 20:36:56,936 INFO [main] c.x.j.e.XxlJobExecutorApplication [StartupInfoLogger.java : 55] Starting XxlJobExecutorApplication using Java 1.8.0_211 on MacBook-Pro.local with PID 11789 (/Users/lizhenghang/workspace/java/itheima/heima-leadnews/xxl-job/xxl-job-executor-samples/xxl-job-executor-sample-springboot/target/classes started by lizhenghang in /Users/lizhenghang/workspace/java/itheima/heima-leadnews)
2023-11-12 20:36:56,942 INFO [main] c.x.j.e.XxlJobExecutorApplication [SpringApplication.java : 640] No active profile set, falling back to 1 default profile: "default"
2023-11-12 20:36:58,285 INFO [main] o.s.b.w.e.tomcat.TomcatWebServer [TomcatWebServer.java : 108] Tomcat initialized with port(s): 8081 (http)
2023-11-12 20:36:58,292 INFO [main] o.a.coyote.http11.Http11NioProtocol [DirectJDKLog.java : 173] Initializing ProtocolHandler ["http-nio-8081"]
2023-11-12 20:36:58,293 INFO [main] o.a.catalina.core.StandardService [DirectJDKLog.java : 173] Starting service [Tomcat]
2023-11-12 20:36:58,293 INFO [main] o.a.catalina.core.StandardEngine [DirectJDKLog.java : 173] Starting Servlet engine: [Apache Tomcat/9.0.62]
2023-11-12 20:36:58,414 INFO [main] o.a.c.c.C.[Tomcat].[localhost].[/] [DirectJDKLog.java : 173] Initializing Spring embedded WebApplicationContext
2023-11-12 20:36:58,414 INFO [main] o.s.b.w.s.c.ServletWebServerApplicationContext [ServletWebServerApplicationContext.java : 290] Root WebApplicationContext: initialization completed in 1116 ms
2023-11-12 20:36:58,489 INFO [main] c.x.j.e.core.config.XxlJobConfig [XxlJobConfig.java : 30] >>>>>>>>>>> xxl-job config init.
2023-11-12 20:36:58,829 INFO [main] c.x.job.core.executor.XxlJobExecutor [XxlJobExecutor.java : 183] >>>>>>>>>>> xxl-job register jobhandler success, name:demoJobHandler, jobHandler:com.xxl.job.core.handler.impl.MethodJobHandler@344426bf[class com.xxl.job.executor.service.jobhandler.SampleXxlJob#demoJobHandler]
2023-11-12 20:36:58,830 INFO [main] c.x.job.core.executor.XxlJobExecutor [XxlJobExecutor.java : 183] >>>>>>>>>>> xxl-job register jobhandler success, name:shardingJobHandler, jobHandler:com.xxl.job.core.handler.impl.MethodJobHandler@3cee53dc[class com.xxl.job.executor.service.jobhandler.SampleXxlJob#shardingJobHandler]
2023-11-12 20:36:58,830 INFO [main] c.x.job.core.executor.XxlJobExecutor [XxlJobExecutor.java : 183] >>>>>>>>>>> xxl-job register jobhandler success, name:commandJobHandler, jobHandler:com.xxl.job.core.handler.impl.MethodJobHandler@290aeb20[class com.xxl.job.executor.service.jobhandler.SampleXxlJob#commandJobHandler]
2023-11-12 20:36:58,830 INFO [main] c.x.job.core.executor.XxlJobExecutor [XxlJobExecutor.java : 183] >>>>>>>>>>> xxl-job register jobhandler success, name:httpJobHandler, jobHandler:com.xxl.job.core.handler.impl.MethodJobHandler@73ad4ecc[class com.xxl.job.executor.service.jobhandler.SampleXxlJob#httpJobHandler]
2023-11-12 20:36:58,830 INFO [main] c.x.job.core.executor.XxlJobExecutor [XxlJobExecutor.java : 183] >>>>>>>>>>> xxl-job register jobhandler success, name:demoJobHandler2, jobHandler:com.xxl.job.core.handler.impl.MethodJobHandler@69da0b12[class com.xxl.job.executor.service.jobhandler.SampleXxlJob#demoJobHandler2]
2023-11-12 20:36:58,872 WARN [main] c.x.job.core.executor.XxlJobExecutor [XxlJobExecutor.java : 157] >>>>>>>>>>> xxl-job accessToken is empty. To ensure system security, please set the accessToken.
2023-11-12 20:36:58,883 INFO [main] o.a.coyote.http11.Http11NioProtocol [DirectJDKLog.java : 173] Starting ProtocolHandler ["http-nio-8081"]
2023-11-12 20:36:58,977 WARN [main] o.s.b.w.s.c.AnnotationConfigServletWebServerApplicationContext [AbstractApplicationContext.java : 591] Exception encountered during context initialization - cancelling refresh attempt: org.springframework.context.ApplicationContextException: Failed to start bean 'webServerStartStop'; nested exception is org.springframework.boot.web.server.PortInUseException: Port 8081 is already in use
2023-11-12 20:36:58,982 INFO [main] com.xxl.job.core.server.EmbedServer [EmbedServer.java : 117] >>>>>>>>>>> xxl-job remoting server destroy success.
2023-11-12 20:36:58,983 INFO [xxl-job, executor TriggerCallbackThread] c.x.j.c.thread.TriggerCallbackThread [TriggerCallbackThread.java : 98] >>>>>>>>>>> xxl-job, executor callback thread destroy.
2023-11-12 20:36:58,984 INFO [Thread-8] c.x.j.c.thread.TriggerCallbackThread [TriggerCallbackThread.java : 128] >>>>>>>>>>> xxl-job, executor retry callback thread destroy.
2023-11-12 20:36:58,994 INFO [main] o.a.coyote.http11.Http11NioProtocol [DirectJDKLog.java : 173] Pausing ProtocolHandler ["http-nio-8081"]
2023-11-12 20:36:58,998 INFO [main] o.a.catalina.core.StandardService [DirectJDKLog.java : 173] Stopping service [Tomcat]
2023-11-12 20:36:59,003 INFO [main] o.a.coyote.http11.Http11NioProtocol [DirectJDKLog.java : 173] Stopping ProtocolHandler ["http-nio-8081"]
2023-11-12 20:36:59,003 INFO [main] o.a.coyote.http11.Http11NioProtocol [DirectJDKLog.java : 173] Destroying ProtocolHandler ["http-nio-8081"]
2023-11-12 20:36:59,031 INFO [main] o.s.b.a.l.ConditionEvaluationReportLoggingListener [ConditionEvaluationReportLoggingListener.java : 136] 

Error starting ApplicationContext. To display the conditions report re-run your application with 'debug' enabled.
2023-11-12 20:36:59,045 ERROR [main] o.s.b.d.LoggingFailureAnalysisReporter [LoggingFailureAnalysisReporter.java : 40] 

***************************
APPLICATION FAILED TO START
***************************

Description:

Web server failed to start. Port 8081 was already in use.

Action:

Identify and stop the process that's listening on port 8081 or configure this application to listen on another port.

